<?xml version="1.0" encoding="UTF-8"?>
<!-- Generated by org.testng.reporters.JUnitReportReporter -->
<testsuite hostname="DESKTOP-NLEUQUR" failures="0" tests="3" name="assignment4.ApiTest" time="2.397" errors="0" timestamp="2024-12-01T11:22:45 EST" skipped="0">
  <testcase classname="assignment4.ApiTest" name="testPostRequest" time="0.524"/>
  <system-out/>
  <testcase classname="assignment4.ApiTest" name="testGetRequest" time="0.120"/>
  <system-out/>
  <testcase classname="assignment4.ApiTest" name="testAllPosts" time="1.753"/>
  <system-out/>
</testsuite> <!-- assignment4.ApiTest -->
